<?xml version="1.0" encoding="UTF-8"?>
<!-- Generated by org.testng.reporters.JUnitXMLReporter -->
<testsuite hostname="LIN39000331" ignored="0" name="Test" tests="3" failures="0" timestamp="16 Jan 2019 03:24:44 GMT" time="78.469" errors="0">
  <testcase name="testValidLoginLogout" time="7.151" classname="com.actitime.tests.ValidLoginLogOut"/>
  <testcase name="testInvalidLogin" time="16.764" classname="com.actitime.tests.InvalidLoginTest"/>
  <testcase name="testverifyversion" time="0.145" classname="com.actitime.tests.verifyversiontest"/>
</testsuite> <!-- Test -->
