<?xml version="1.0" encoding="UTF-8"?>
<testng-results skipped="0" failed="0" ignored="0" total="3" passed="3">
  <reporter-output>
    <line>
      <![CDATA[Title is matching: actiTIME - Enter Time-Track]]>
    </line>
    <line>
      <![CDATA[Title is matching: actiTIME - Login]]>
    </line>
    <line>
      <![CDATA[Element is present]]>
    </line>
    <line>
      <![CDATA[Actual Errormsg:Username or Password is invalid. Please try again.]]>
    </line>
    <line>
      <![CDATA[Expected Errormsg:Username or Password is invalid. Please try again.]]>
    </line>
    <line>
      <![CDATA[Title is matching: actiTIME - Login]]>
    </line>
    <line>
      <![CDATA[Element is present]]>
    </line>
    <line>
      <![CDATA[actual version actiTIME 2017.4]]>
    </line>
    <line>
      <![CDATA[Expected Version actiTIME 2017.4]]>
    </line>
    <line>
      <![CDATA[Version is Matching:....]]>
    </line>
  </reporter-output>
  <suite name="Suite" duration-ms="78469" started-at="2019-01-16T03:23:25Z" finished-at="2019-01-16T03:24:44Z">
    <groups>
    </groups>
    <test name="Test" duration-ms="78469" started-at="2019-01-16T03:23:25Z" finished-at="2019-01-16T03:24:44Z">
      <class name="com.actitime.tests.InvalidLoginTest">
        <test-method status="PASS" signature="precondition()[pri:0, instance:com.actitime.tests.InvalidLoginTest@14b1c02]" name="precondition" is-config="true" duration-ms="15844" started-at="2019-01-16T03:23:49Z" finished-at="2019-01-16T03:24:05Z">
          <reporter-output>
          </reporter-output>
        </test-method> <!-- precondition -->
        <test-method status="PASS" signature="testInvalidLogin()[pri:2, instance:com.actitime.tests.InvalidLoginTest@14b1c02]" name="testInvalidLogin" duration-ms="16764" started-at="2019-01-16T03:24:05Z" finished-at="2019-01-16T03:24:22Z">
          <reporter-output>
            <line>
              <![CDATA[Title is matching: actiTIME - Login]]>
            </line>
            <line>
              <![CDATA[Element is present]]>
            </line>
            <line>
              <![CDATA[Actual Errormsg:Username or Password is invalid. Please try again.]]>
            </line>
            <line>
              <![CDATA[Expected Errormsg:Username or Password is invalid. Please try again.]]>
            </line>
          </reporter-output>
        </test-method> <!-- testInvalidLogin -->
        <test-method status="PASS" signature="postcondition(org.testng.ITestResult)[pri:0, instance:com.actitime.tests.InvalidLoginTest@14b1c02]" name="postcondition" is-config="true" duration-ms="159" started-at="2019-01-16T03:24:22Z" finished-at="2019-01-16T03:24:22Z">
          <params>
            <param index="0">
              <value>
                <![CDATA[[TestResult name=testInvalidLogin status=SUCCESS method=InvalidLoginTest.testInvalidLogin()[pri:2, instance:com.actitime.tests.InvalidLoginTest@14b1c02] output=Title is matching: actiTIME - Login]]]>
              </value>
            </param>
          </params>
          <reporter-output>
          </reporter-output>
        </test-method> <!-- postcondition -->
      </class> <!-- com.actitime.tests.InvalidLoginTest -->
      <class name="com.actitime.tests.ValidLoginLogOut">
        <test-method status="PASS" signature="precondition()[pri:0, instance:com.actitime.tests.ValidLoginLogOut@93dd95]" name="precondition" is-config="true" duration-ms="16293" started-at="2019-01-16T03:23:25Z" finished-at="2019-01-16T03:23:42Z">
          <reporter-output>
          </reporter-output>
        </test-method> <!-- precondition -->
        <test-method status="PASS" signature="testValidLoginLogout()[pri:1, instance:com.actitime.tests.ValidLoginLogOut@93dd95]" name="testValidLoginLogout" duration-ms="7151" started-at="2019-01-16T03:23:42Z" finished-at="2019-01-16T03:23:49Z">
          <reporter-output>
            <line>
              <![CDATA[Title is matching: actiTIME - Enter Time-Track]]>
            </line>
          </reporter-output>
        </test-method> <!-- testValidLoginLogout -->
        <test-method status="PASS" signature="postcondition(org.testng.ITestResult)[pri:0, instance:com.actitime.tests.ValidLoginLogOut@93dd95]" name="postcondition" is-config="true" duration-ms="181" started-at="2019-01-16T03:23:49Z" finished-at="2019-01-16T03:23:49Z">
          <params>
            <param index="0">
              <value>
                <![CDATA[[TestResult name=testValidLoginLogout status=SUCCESS method=ValidLoginLogOut.testValidLoginLogout()[pri:1, instance:com.actitime.tests.ValidLoginLogOut@93dd95] output=Title is matching: actiTIME - Enter Time-Track]]]>
              </value>
            </param>
          </params>
          <reporter-output>
          </reporter-output>
        </test-method> <!-- postcondition -->
      </class> <!-- com.actitime.tests.ValidLoginLogOut -->
      <class name="com.actitime.tests.verifyversiontest">
        <test-method status="PASS" signature="precondition()[pri:0, instance:com.actitime.tests.verifyversiontest@1622fdf]" name="precondition" is-config="true" duration-ms="19696" started-at="2019-01-16T03:24:22Z" finished-at="2019-01-16T03:24:42Z">
          <reporter-output>
          </reporter-output>
        </test-method> <!-- precondition -->
        <test-method status="PASS" signature="testverifyversion()[pri:3, instance:com.actitime.tests.verifyversiontest@1622fdf]" name="testverifyversion" duration-ms="145" started-at="2019-01-16T03:24:42Z" finished-at="2019-01-16T03:24:42Z">
          <reporter-output>
            <line>
              <![CDATA[Title is matching: actiTIME - Login]]>
            </line>
            <line>
              <![CDATA[Element is present]]>
            </line>
            <line>
              <![CDATA[actual version actiTIME 2017.4]]>
            </line>
            <line>
              <![CDATA[Expected Version actiTIME 2017.4]]>
            </line>
            <line>
              <![CDATA[Version is Matching:....]]>
            </line>
          </reporter-output>
        </test-method> <!-- testverifyversion -->
        <test-method status="PASS" signature="postcondition(org.testng.ITestResult)[pri:0, instance:com.actitime.tests.verifyversiontest@1622fdf]" name="postcondition" is-config="true" duration-ms="2205" started-at="2019-01-16T03:24:42Z" finished-at="2019-01-16T03:24:44Z">
          <params>
            <param index="0">
              <value>
                <![CDATA[[TestResult name=testverifyversion status=SUCCESS method=verifyversiontest.testverifyversion()[pri:3, instance:com.actitime.tests.verifyversiontest@1622fdf] output=Title is matching: actiTIME - Login]]]>
              </value>
            </param>
          </params>
          <reporter-output>
          </reporter-output>
        </test-method> <!-- postcondition -->
      </class> <!-- com.actitime.tests.verifyversiontest -->
    </test> <!-- Test -->
  </suite> <!-- Suite -->
</testng-results>
